<?xml version="1.0" encoding="UTF-8"?>
<!-- Generated by org.testng.reporters.JUnitReportReporter -->
<testsuite hostname="EM-PC" failures="0" tests="5" name="Testai.Test1" time="3.931" errors="0" timestamp="2022-09-08T11:15:00 EEST" skipped="0">
  <testcase classname="Testai.Test1" name="CorrectLogin" time="0.532"/>
  <system-out/>
  <testcase classname="Testai.Test1" name="LogOut" time="0.170"/>
  <system-out/>
  <testcase classname="Testai.Test1" name="IncorrectLogin" time="0.733"/>
  <system-out/>
  <testcase classname="Testai.Test1" name="UniqueRegistraion" time="1.308"/>
  <system-out/>
  <testcase classname="Testai.Test1" name="NotUniqueRegistration" time="1.188"/>
  <system-out/>
</testsuite> <!-- Testai.Test1 -->
